build/app/intermediates/manifest_merge_blame_file/debug/manifest-merger-blame-debug-report.txt
1<?xml version="1.0" encoding="utf-8"?>
2<manifest xmlns:android="http://schemas.android.com/apk/res/android"
3    package="com.example.automated_inventory"
4    android:versionCode="1"
5    android:versionName="1.0.0" >
6
7    <uses-sdk
8        android:minSdkVersion="21"
9        android:targetSdkVersion="30" />
10    <!--
11         Flutter needs it to communicate with the running application
12         to allow setting breakpoints, to provide hot reload, etc.
13    -->
14    <uses-permission android:name="android.permission.INTERNET" />
14-->src\main\AndroidManifest.xml:4:5-66
14-->src\main\AndroidManifest.xml:4:22-64
15    <uses-permission android:name="android.permission.ACCESS_NETWORK_STATE" />
15-->[:firebase_analytics] AndroidManifest.xml:7:5-79
15-->[:firebase_analytics] AndroidManifest.xml:7:22-76
16    <uses-permission android:name="android.permission.WAKE_LOCK" />
16-->[:firebase_analytics] AndroidManifest.xml:9:5-68
16-->[:firebase_analytics] AndroidManifest.xml:9:22-65
17    <uses-permission android:name="android.permission.CAMERA" />
17-->[:flutter_barcode_scanner] AndroidManifest.xml:9:5-65
17-->[:flutter_barcode_scanner] AndroidManifest.xml:9:22-62
18
19    <uses-feature android:name="android.hardware.camera" />
19-->[:flutter_barcode_scanner] AndroidManifest.xml:11:5-60
19-->[:flutter_barcode_scanner] AndroidManifest.xml:11:19-57
20
21    <uses-permission android:name="android.permission.FLASHLIGHT" />
21-->[:flutter_barcode_scanner] AndroidManifest.xml:13:5-69
21-->[:flutter_barcode_scanner] AndroidManifest.xml:13:22-66
22    <uses-permission android:name="com.google.android.finsky.permission.BIND_GET_INSTALL_REFERRER_SERVICE" />
22-->[com.google.android.gms:play-services-measurement:19.0.0] AndroidManifest.xml:26:5-110
22-->[com.google.android.gms:play-services-measurement:19.0.0] AndroidManifest.xml:26:22-107
23
24    <application
24-->src\main\AndroidManifest.xml:6:4-64:19
25        android:appComponentFactory="androidx.core.app.CoreComponentFactory"
25-->[androidx.core:core:1.3.2] AndroidManifest.xml:24:18-86
26        android:debuggable="true"
27        android:icon="@mipmap/ic_launcher"
27-->src\main\AndroidManifest.xml:8:9-43
28        android:label="automated_inventory"
28-->src\main\AndroidManifest.xml:7:9-44
29        android:largeHeap="true"
29-->[:flutter_barcode_scanner] AndroidManifest.xml:16:9-33
30        android:supportsRtl="true"
30-->[com.facebook.android:facebook-login:11.0.0] AndroidManifest.xml:28:18-44
31        android:theme="@style/Theme.AppCompat.NoActionBar" >
31-->[:flutter_barcode_scanner] AndroidManifest.xml:17:9-59
32        <meta-data
32-->src\main\AndroidManifest.xml:10:8-12:54
33            android:name="com.facebook.sdk.ApplicationId"
33-->src\main\AndroidManifest.xml:11:12-57
34            android:value="@string/facebook_app_id" />
34-->src\main\AndroidManifest.xml:12:12-51
35
36        <activity
36-->src\main\AndroidManifest.xml:13:8-16:47
37            android:name="com.facebook.FacebookActivity"
37-->src\main\AndroidManifest.xml:14:12-56
38            android:configChanges="keyboard|keyboardHidden|screenLayout|screenSize|orientation"
38-->src\main\AndroidManifest.xml:15:12-95
39            android:label="@string/app_name"
39-->src\main\AndroidManifest.xml:16:12-44
40            android:theme="@style/com_facebook_activity_theme" />
40-->[com.facebook.android:facebook-common:11.0.0] AndroidManifest.xml:33:13-63
41        <activity
41-->src\main\AndroidManifest.xml:17:8-28:19
42            android:name="com.facebook.CustomTabActivity"
42-->src\main\AndroidManifest.xml:18:12-57
43            android:exported="true" >
43-->src\main\AndroidManifest.xml:19:12-35
44            <intent-filter>
44-->src\main\AndroidManifest.xml:20:12-27:28
45                <action android:name="android.intent.action.VIEW" />
45-->src\main\AndroidManifest.xml:21:16-68
45-->src\main\AndroidManifest.xml:21:24-65
46
47                <category android:name="android.intent.category.DEFAULT" />
47-->src\main\AndroidManifest.xml:23:16-75
47-->src\main\AndroidManifest.xml:23:26-72
48                <category android:name="android.intent.category.BROWSABLE" />
48-->src\main\AndroidManifest.xml:24:16-77
48-->src\main\AndroidManifest.xml:24:26-74
49
50                <data android:scheme="@string/fb_login_protocol_scheme" />
50-->src\main\AndroidManifest.xml:26:16-74
50-->src\main\AndroidManifest.xml:26:22-71
51            </intent-filter>
52            <intent-filter>
52-->[com.facebook.android:facebook-common:11.0.0] AndroidManifest.xml:39:13-48:29
53                <action android:name="android.intent.action.VIEW" />
53-->src\main\AndroidManifest.xml:21:16-68
53-->src\main\AndroidManifest.xml:21:24-65
54
55                <category android:name="android.intent.category.DEFAULT" />
55-->src\main\AndroidManifest.xml:23:16-75
55-->src\main\AndroidManifest.xml:23:26-72
56                <category android:name="android.intent.category.BROWSABLE" />
56-->src\main\AndroidManifest.xml:24:16-77
56-->src\main\AndroidManifest.xml:24:26-74
57
58                <data
58-->src\main\AndroidManifest.xml:26:16-74
59                    android:host="cct.com.example.automated_inventory"
60                    android:scheme="fbconnect" />
60-->src\main\AndroidManifest.xml:26:22-71
61            </intent-filter>
62        </activity>
63        <activity
63-->src\main\AndroidManifest.xml:30:9-58:20
64            android:name="com.example.automated_inventory.MainActivity"
64-->src\main\AndroidManifest.xml:31:13-41
65            android:configChanges="orientation|keyboardHidden|keyboard|screenSize|smallestScreenSize|locale|layoutDirection|fontScale|screenLayout|density|uiMode"
65-->src\main\AndroidManifest.xml:34:13-163
66            android:hardwareAccelerated="true"
66-->src\main\AndroidManifest.xml:35:13-47
67            android:launchMode="singleTop"
67-->src\main\AndroidManifest.xml:32:13-43
68            android:theme="@style/LaunchTheme"
68-->src\main\AndroidManifest.xml:33:13-47
69            android:windowSoftInputMode="adjustResize" >
69-->src\main\AndroidManifest.xml:36:13-55
70
71            <!--
72                 Specifies an Android theme to apply to this Activity as soon as
73                 the Android process has started. This theme is visible to the user
74                 while the Flutter UI initializes. After that, this theme continues
75                 to determine the Window background behind the Flutter UI.
76            -->
77            <meta-data
77-->src\main\AndroidManifest.xml:41:13-44:17
78                android:name="io.flutter.embedding.android.NormalTheme"
78-->src\main\AndroidManifest.xml:42:15-70
79                android:resource="@style/NormalTheme" />
79-->src\main\AndroidManifest.xml:43:15-52
80            <!--
81                 Displays an Android View that continues showing the launch screen
82                 Drawable until Flutter paints its first frame, then this splash
83                 screen fades out. A splash screen is useful to avoid any visual
84                 gap between the end of Android's launch screen and the painting of
85                 Flutter's first frame.
86            -->
87            <meta-data
87-->src\main\AndroidManifest.xml:50:13-53:17
88                android:name="io.flutter.embedding.android.SplashScreenDrawable"
88-->src\main\AndroidManifest.xml:51:15-79
89                android:resource="@drawable/launch_background" />
89-->src\main\AndroidManifest.xml:52:15-61
90
91            <intent-filter>
91-->src\main\AndroidManifest.xml:54:13-57:29
92                <action android:name="android.intent.action.MAIN" />
92-->src\main\AndroidManifest.xml:55:17-68
92-->src\main\AndroidManifest.xml:55:25-66
93
94                <category android:name="android.intent.category.LAUNCHER" />
94-->src\main\AndroidManifest.xml:56:17-76
94-->src\main\AndroidManifest.xml:56:27-74
95            </intent-filter>
96        </activity>
97        <!--
98             Don't delete the meta-data below.
99             This is used by the Flutter tool to generate GeneratedPluginRegistrant.java
100        -->
101        <meta-data
101-->src\main\AndroidManifest.xml:61:9-63:33
102            android:name="flutterEmbedding"
102-->src\main\AndroidManifest.xml:62:13-44
103            android:value="2" />
103-->src\main\AndroidManifest.xml:63:13-30
104
105        <service
105-->[:firebase_analytics] AndroidManifest.xml:12:9-16:19
106            android:name="com.google.firebase.components.ComponentDiscoveryService"
106-->[:firebase_analytics] AndroidManifest.xml:12:18-89
107            android:directBootAware="true"
107-->[com.google.firebase:firebase-common:20.0.0] AndroidManifest.xml:35:13-43
108            android:exported="false" >
108-->[com.google.firebase:firebase-auth:21.0.1] AndroidManifest.xml:76:13-37
109            <meta-data
109-->[:firebase_analytics] AndroidManifest.xml:13:13-15:85
110                android:name="com.google.firebase.components:io.flutter.plugins.firebaseanalytics.FlutterFirebaseAppRegistrar"
110-->[:firebase_analytics] AndroidManifest.xml:14:17-127
111                android:value="com.google.firebase.components.ComponentRegistrar" />
111-->[:firebase_analytics] AndroidManifest.xml:15:17-82
112            <meta-data
112-->[:firebase_auth] AndroidManifest.xml:9:13-11:85
113                android:name="com.google.firebase.components:io.flutter.plugins.firebase.auth.FlutterFirebaseAuthRegistrar"
113-->[:firebase_auth] AndroidManifest.xml:10:17-124
114                android:value="com.google.firebase.components.ComponentRegistrar" />
114-->[:firebase_auth] AndroidManifest.xml:11:17-82
115            <meta-data
115-->[:cloud_firestore] AndroidManifest.xml:9:13-11:85
116                android:name="com.google.firebase.components:io.flutter.plugins.firebase.firestore.FlutterFirebaseFirestoreRegistrar"
116-->[:cloud_firestore] AndroidManifest.xml:10:17-134
117                android:value="com.google.firebase.components.ComponentRegistrar" />
117-->[:cloud_firestore] AndroidManifest.xml:11:17-82
118            <meta-data
118-->[:firebase_core] AndroidManifest.xml:9:13-11:85
119                android:name="com.google.firebase.components:io.flutter.plugins.firebase.core.FlutterFirebaseCoreRegistrar"
119-->[:firebase_core] AndroidManifest.xml:10:17-124
120                android:value="com.google.firebase.components.ComponentRegistrar" />
120-->[:firebase_core] AndroidManifest.xml:11:17-82
121            <meta-data
121-->[com.google.firebase:firebase-auth:21.0.1] AndroidManifest.xml:77:13-79:85
122                android:name="com.google.firebase.components:com.google.firebase.auth.FirebaseAuthRegistrar"
122-->[com.google.firebase:firebase-auth:21.0.1] AndroidManifest.xml:78:17-109
123                android:value="com.google.firebase.components.ComponentRegistrar" />
123-->[com.google.firebase:firebase-auth:21.0.1] AndroidManifest.xml:79:17-82
124            <meta-data
124-->[com.google.firebase:firebase-firestore:23.0.1] AndroidManifest.xml:20:13-22:85
125                android:name="com.google.firebase.components:com.google.firebase.firestore.FirestoreRegistrar"
125-->[com.google.firebase:firebase-firestore:23.0.1] AndroidManifest.xml:21:17-111
126                android:value="com.google.firebase.components.ComponentRegistrar" />
126-->[com.google.firebase:firebase-firestore:23.0.1] AndroidManifest.xml:22:17-82
127            <meta-data
127-->[com.google.android.gms:play-services-measurement-api:19.0.0] AndroidManifest.xml:30:13-32:85
128                android:name="com.google.firebase.components:com.google.firebase.analytics.connector.internal.AnalyticsConnectorRegistrar"
128-->[com.google.android.gms:play-services-measurement-api:19.0.0] AndroidManifest.xml:31:17-139
129                android:value="com.google.firebase.components.ComponentRegistrar" />
129-->[com.google.android.gms:play-services-measurement-api:19.0.0] AndroidManifest.xml:32:17-82
130            <meta-data
130-->[com.google.firebase:firebase-installations:17.0.0] AndroidManifest.xml:18:13-20:85
131                android:name="com.google.firebase.components:com.google.firebase.installations.FirebaseInstallationsRegistrar"
131-->[com.google.firebase:firebase-installations:17.0.0] AndroidManifest.xml:19:17-127
132                android:value="com.google.firebase.components.ComponentRegistrar" />
132-->[com.google.firebase:firebase-installations:17.0.0] AndroidManifest.xml:20:17-82
133        </service>
134
135        <activity android:name="com.amolg.flutterbarcodescanner.BarcodeCaptureActivity" />
135-->[:flutter_barcode_scanner] AndroidManifest.xml:18:9-91
135-->[:flutter_barcode_scanner] AndroidManifest.xml:18:19-88
136        <activity android:name="com.facebook.CustomTabMainActivity" />
136-->[com.facebook.android:facebook-common:11.0.0] AndroidManifest.xml:34:9-71
136-->[com.facebook.android:facebook-common:11.0.0] AndroidManifest.xml:34:19-68
137        <!--
138         The initialization ContentProvider will call FacebookSdk.sdkInitialize automatically
139         with the application context. This config is merged in with the host app's manifest,
140         but there can only be one provider with the same authority activated at any given
141         point; so if the end user has two or more different apps that use Facebook SDK, only the
142         first one will be able to use the provider. To work around this problem, we use the
143         following placeholder in the authority to identify each host application as if it was
144         a completely different provider.
145        -->
146        <provider
146-->[com.facebook.android:facebook-core:11.0.0] AndroidManifest.xml:39:9-42:40
147            android:name="com.facebook.internal.FacebookInitProvider"
147-->[com.facebook.android:facebook-core:11.0.0] AndroidManifest.xml:40:13-70
148            android:authorities="com.example.automated_inventory.FacebookInitProvider"
148-->[com.facebook.android:facebook-core:11.0.0] AndroidManifest.xml:41:13-72
149            android:exported="false" />
149-->[com.facebook.android:facebook-core:11.0.0] AndroidManifest.xml:42:13-37
150
151        <receiver
151-->[com.facebook.android:facebook-core:11.0.0] AndroidManifest.xml:44:9-50:20
152            android:name="com.facebook.CurrentAccessTokenExpirationBroadcastReceiver"
152-->[com.facebook.android:facebook-core:11.0.0] AndroidManifest.xml:45:13-86
153            android:exported="false" >
153-->[com.facebook.android:facebook-core:11.0.0] AndroidManifest.xml:46:13-37
154            <intent-filter>
154-->[com.facebook.android:facebook-core:11.0.0] AndroidManifest.xml:47:13-49:29
155                <action android:name="com.facebook.sdk.ACTION_CURRENT_ACCESS_TOKEN_CHANGED" />
155-->[com.facebook.android:facebook-core:11.0.0] AndroidManifest.xml:48:17-95
155-->[com.facebook.android:facebook-core:11.0.0] AndroidManifest.xml:48:25-92
156            </intent-filter>
157        </receiver>
158
159        <activity
159-->[com.google.firebase:firebase-auth:21.0.1] AndroidManifest.xml:27:9-44:20
160            android:name="com.google.firebase.auth.internal.GenericIdpActivity"
160-->[com.google.firebase:firebase-auth:21.0.1] AndroidManifest.xml:28:13-80
161            android:excludeFromRecents="true"
161-->[com.google.firebase:firebase-auth:21.0.1] AndroidManifest.xml:29:13-46
162            android:exported="true"
162-->[com.google.firebase:firebase-auth:21.0.1] AndroidManifest.xml:30:13-36
163            android:launchMode="singleTask"
163-->[com.google.firebase:firebase-auth:21.0.1] AndroidManifest.xml:31:13-44
164            android:theme="@android:style/Theme.Translucent.NoTitleBar" >
164-->[com.google.firebase:firebase-auth:21.0.1] AndroidManifest.xml:32:13-72
165            <intent-filter>
165-->[com.google.firebase:firebase-auth:21.0.1] AndroidManifest.xml:33:13-43:29
166                <action android:name="android.intent.action.VIEW" />
166-->src\main\AndroidManifest.xml:21:16-68
166-->src\main\AndroidManifest.xml:21:24-65
167
168                <category android:name="android.intent.category.DEFAULT" />
168-->src\main\AndroidManifest.xml:23:16-75
168-->src\main\AndroidManifest.xml:23:26-72
169                <category android:name="android.intent.category.BROWSABLE" />
169-->src\main\AndroidManifest.xml:24:16-77
169-->src\main\AndroidManifest.xml:24:26-74
170
171                <data
171-->src\main\AndroidManifest.xml:26:16-74
172                    android:host="firebase.auth"
173                    android:path="/"
174                    android:scheme="genericidp" />
174-->src\main\AndroidManifest.xml:26:22-71
175            </intent-filter>
176        </activity>
177        <activity
177-->[com.google.firebase:firebase-auth:21.0.1] AndroidManifest.xml:45:9-62:20
178            android:name="com.google.firebase.auth.internal.RecaptchaActivity"
178-->[com.google.firebase:firebase-auth:21.0.1] AndroidManifest.xml:46:13-79
179            android:excludeFromRecents="true"
179-->[com.google.firebase:firebase-auth:21.0.1] AndroidManifest.xml:47:13-46
180            android:exported="true"
180-->[com.google.firebase:firebase-auth:21.0.1] AndroidManifest.xml:48:13-36
181            android:launchMode="singleTask"
181-->[com.google.firebase:firebase-auth:21.0.1] AndroidManifest.xml:49:13-44
182            android:theme="@android:style/Theme.Translucent.NoTitleBar" >
182-->[com.google.firebase:firebase-auth:21.0.1] AndroidManifest.xml:50:13-72
183            <intent-filter>
183-->[com.google.firebase:firebase-auth:21.0.1] AndroidManifest.xml:51:13-61:29
184                <action android:name="android.intent.action.VIEW" />
184-->src\main\AndroidManifest.xml:21:16-68
184-->src\main\AndroidManifest.xml:21:24-65
185
186                <category android:name="android.intent.category.DEFAULT" />
186-->src\main\AndroidManifest.xml:23:16-75
186-->src\main\AndroidManifest.xml:23:26-72
187                <category android:name="android.intent.category.BROWSABLE" />
187-->src\main\AndroidManifest.xml:24:16-77
187-->src\main\AndroidManifest.xml:24:26-74
188
189                <data
189-->src\main\AndroidManifest.xml:26:16-74
190                    android:host="firebase.auth"
191                    android:path="/"
192                    android:scheme="recaptcha" />
192-->src\main\AndroidManifest.xml:26:22-71
193            </intent-filter>
194        </activity>
195
196        <service
196-->[com.google.firebase:firebase-auth:21.0.1] AndroidManifest.xml:64:9-73:19
197            android:name="com.google.firebase.auth.api.fallback.service.FirebaseAuthFallbackService"
197-->[com.google.firebase:firebase-auth:21.0.1] AndroidManifest.xml:65:13-101
198            android:enabled="true"
198-->[com.google.firebase:firebase-auth:21.0.1] AndroidManifest.xml:66:13-35
199            android:exported="false" >
199-->[com.google.firebase:firebase-auth:21.0.1] AndroidManifest.xml:67:13-37
200            <intent-filter>
200-->[com.google.firebase:firebase-auth:21.0.1] AndroidManifest.xml:68:13-72:29
201                <action android:name="com.google.firebase.auth.api.gms.service.START" />
201-->[com.google.firebase:firebase-auth:21.0.1] AndroidManifest.xml:69:17-89
201-->[com.google.firebase:firebase-auth:21.0.1] AndroidManifest.xml:69:25-86
202
203                <category android:name="android.intent.category.DEFAULT" />
203-->src\main\AndroidManifest.xml:23:16-75
203-->src\main\AndroidManifest.xml:23:26-72
204            </intent-filter>
205        </service>
206
207        <provider
207-->[com.google.firebase:firebase-common:20.0.0] AndroidManifest.xml:26:9-31:39
208            android:name="com.google.firebase.provider.FirebaseInitProvider"
208-->[com.google.firebase:firebase-common:20.0.0] AndroidManifest.xml:27:13-77
209            android:authorities="com.example.automated_inventory.firebaseinitprovider"
209-->[com.google.firebase:firebase-common:20.0.0] AndroidManifest.xml:28:13-72
210            android:directBootAware="true"
210-->[com.google.firebase:firebase-common:20.0.0] AndroidManifest.xml:29:13-43
211            android:exported="false"
211-->[com.google.firebase:firebase-common:20.0.0] AndroidManifest.xml:30:13-37
212            android:initOrder="100" />
212-->[com.google.firebase:firebase-common:20.0.0] AndroidManifest.xml:31:13-36
213
214        <activity
214-->[com.google.android.gms:play-services-auth:16.0.1] AndroidManifest.xml:23:9-27:75
215            android:name="com.google.android.gms.auth.api.signin.internal.SignInHubActivity"
215-->[com.google.android.gms:play-services-auth:16.0.1] AndroidManifest.xml:24:13-93
216            android:excludeFromRecents="true"
216-->[com.google.android.gms:play-services-auth:16.0.1] AndroidManifest.xml:25:13-46
217            android:exported="false"
217-->[com.google.android.gms:play-services-auth:16.0.1] AndroidManifest.xml:26:13-37
218            android:theme="@android:style/Theme.Translucent.NoTitleBar" />
218-->[com.google.android.gms:play-services-auth:16.0.1] AndroidManifest.xml:27:13-72
219        <!--
220            Service handling Google Sign-In user revocation. For apps that do not integrate with
221            Google Sign-In, this service will never be started.
222        -->
223        <service
223-->[com.google.android.gms:play-services-auth:16.0.1] AndroidManifest.xml:33:9-36:110
224            android:name="com.google.android.gms.auth.api.signin.RevocationBoundService"
224-->[com.google.android.gms:play-services-auth:16.0.1] AndroidManifest.xml:34:13-89
225            android:exported="true"
225-->[com.google.android.gms:play-services-auth:16.0.1] AndroidManifest.xml:35:13-36
226            android:permission="com.google.android.gms.auth.api.signin.permission.REVOCATION_NOTIFICATION" />
226-->[com.google.android.gms:play-services-auth:16.0.1] AndroidManifest.xml:36:13-107
227
228        <activity
228-->[com.google.android.gms:play-services-base:17.4.0] AndroidManifest.xml:23:9-26:75
229            android:name="com.google.android.gms.common.api.GoogleApiActivity"
229-->[com.google.android.gms:play-services-base:17.4.0] AndroidManifest.xml:24:13-79
230            android:exported="false"
230-->[com.google.android.gms:play-services-base:17.4.0] AndroidManifest.xml:25:13-37
231            android:theme="@android:style/Theme.Translucent.NoTitleBar" />
231-->[com.google.android.gms:play-services-base:17.4.0] AndroidManifest.xml:26:13-72
232
233        <receiver
233-->[com.google.android.gms:play-services-measurement:19.0.0] AndroidManifest.xml:29:9-33:20
234            android:name="com.google.android.gms.measurement.AppMeasurementReceiver"
234-->[com.google.android.gms:play-services-measurement:19.0.0] AndroidManifest.xml:30:13-85
235            android:enabled="true"
235-->[com.google.android.gms:play-services-measurement:19.0.0] AndroidManifest.xml:31:13-35
236            android:exported="false" >
236-->[com.google.android.gms:play-services-measurement:19.0.0] AndroidManifest.xml:32:13-37
237        </receiver>
238
239        <service
239-->[com.google.android.gms:play-services-measurement:19.0.0] AndroidManifest.xml:35:9-38:40
240            android:name="com.google.android.gms.measurement.AppMeasurementService"
240-->[com.google.android.gms:play-services-measurement:19.0.0] AndroidManifest.xml:36:13-84
241            android:enabled="true"
241-->[com.google.android.gms:play-services-measurement:19.0.0] AndroidManifest.xml:37:13-35
242            android:exported="false" />
242-->[com.google.android.gms:play-services-measurement:19.0.0] AndroidManifest.xml:38:13-37
243        <service
243-->[com.google.android.gms:play-services-measurement:19.0.0] AndroidManifest.xml:39:9-43:72
244            android:name="com.google.android.gms.measurement.AppMeasurementJobService"
244-->[com.google.android.gms:play-services-measurement:19.0.0] AndroidManifest.xml:40:13-87
245            android:enabled="true"
245-->[com.google.android.gms:play-services-measurement:19.0.0] AndroidManifest.xml:41:13-35
246            android:exported="false"
246-->[com.google.android.gms:play-services-measurement:19.0.0] AndroidManifest.xml:42:13-37
247            android:permission="android.permission.BIND_JOB_SERVICE" />
247-->[com.google.android.gms:play-services-measurement:19.0.0] AndroidManifest.xml:43:13-69
248
249        <meta-data
249-->[com.google.android.gms:play-services-basement:17.4.0] AndroidManifest.xml:23:9-25:69
250            android:name="com.google.android.gms.version"
250-->[com.google.android.gms:play-services-basement:17.4.0] AndroidManifest.xml:24:13-58
251            android:value="@integer/google_play_services_version" />
251-->[com.google.android.gms:play-services-basement:17.4.0] AndroidManifest.xml:25:13-66
252    </application>
253
254</manifest>